Arguments: 
  C:\Program Files\nodejs\node.exe C:\Users\Felipe\AppData\Roaming\npm\node_modules\yarn\bin\yarn.js add -D @typescript-eslint/eslint-puglin eslint @typescript-eslint/parser

PATH: 
  C:\Python39\Scripts\;C:\Python39\;C:\Python27\;C:\Python27\Scripts;C:\WINDOWS\system32;C:\WINDOWS;C:\WINDOWS\System32\Wbem;C:\WINDOWS\System32\WindowsPowerShell\v1.0\;C:\WINDOWS\System32\OpenSSH\;C:\Program Files (x86)\NVIDIA Corporation\PhysX\Common;C:\Program Files\NVIDIA Corporation\NVIDIA NvDLISR;C:\ProgramData\chocolatey\bin;C:\Program Files\Java\jdk1.8.0_211\bin;c:\Users\Felipe\AppData\Local\Android\Sdk\platform-tools;E:\Microsoft VS Code\bin;c:\php;C:\Program Files\dotnet\;C:\Program Files\Microsoft SQL Server\130\Tools\Binn\;C:\Program Files\Microsoft SQL Server\Client SDK\ODBC\170\Tools\Binn\;C:\Program Files\Git\cmd;C:\Program Files\nodejs\;C:\Users\Felipe\AppData\Local\Microsoft\WindowsApps;C:\Users\Felipe\.dotnet\tools;C:\Users\Felipe\AppData\Roaming\npm

Yarn version: 
  1.22.10

Node version: 
  14.15.4

Platform: 
  win32 x64

Trace: 
  Error: https://registry.yarnpkg.com/@typescript-eslint%2feslint-puglin: Not found
      at Request.params.callback [as _callback] (C:\Users\Felipe\AppData\Roaming\npm\node_modules\yarn\lib\cli.js:66988:18)
      at Request.self.callback (C:\Users\Felipe\AppData\Roaming\npm\node_modules\yarn\lib\cli.js:140662:22)
      at Request.emit (events.js:315:20)
      at Request.<anonymous> (C:\Users\Felipe\AppData\Roaming\npm\node_modules\yarn\lib\cli.js:141634:10)
      at Request.emit (events.js:315:20)
      at IncomingMessage.<anonymous> (C:\Users\Felipe\AppData\Roaming\npm\node_modules\yarn\lib\cli.js:141556:12)
      at Object.onceWrapper (events.js:421:28)
      at IncomingMessage.emit (events.js:327:22)
      at endReadableNT (internal/streams/readable.js:1327:12)
      at processTicksAndRejections (internal/process/task_queues.js:80:21)

npm manifest: 
  {
    "name": "curso",
    "version": "1.0.0",
    "description": "Typescript Node.js API",
    "main": "index.js",
    "scripts": {
      "build":"tsc",
      "start": "yarn build && node dist/src/index.js",
      "test": "echo \"Error: no test specified\" && exit 1"
    },
    "keywords": [
      "nodejs",
      "typescript",
      "api"
    ],
    "author": "Felipe Moreira Lanna",
    "license": "ISC",
    "devDependencies": {
      "@types/module-alias": "^2.0.0",
      "@types/node": "^14.14.22",
      "typescript": "^4.1.3"
    },
    "dependencies": {
      "module-alias": "^2.2.2"
    }
  }

yarn manifest: 
  No manifest

Lockfile: 
  # THIS IS AN AUTOGENERATED FILE. DO NOT EDIT THIS FILE DIRECTLY.
  # yarn lockfile v1
  
  
  "@types/module-alias@^2.0.0":
    version "2.0.0"
    resolved "https://registry.yarnpkg.com/@types/module-alias/-/module-alias-2.0.0.tgz#882668f8b8cdbda44812c3b592c590909e18849e"
    integrity sha512-e3sW4oEH0qS1QxSfX7PT6xIi5qk/YSMsrB9Lq8EtkhQBZB+bKyfkP+jpLJRySanvBhAQPSv2PEBe81M8Iy/7yg==
  
  "@types/node@^14.14.22":
    version "14.14.22"
    resolved "https://registry.yarnpkg.com/@types/node/-/node-14.14.22.tgz#0d29f382472c4ccf3bd96ff0ce47daf5b7b84b18"
    integrity sha512-g+f/qj/cNcqKkc3tFqlXOYjrmZA+jNBiDzbP3kH+B+otKFqAdPgVTGP1IeKRdMml/aE69as5S4FqtxAbl+LaMw==
  
  module-alias@^2.2.2:
    version "2.2.2"
    resolved "https://registry.yarnpkg.com/module-alias/-/module-alias-2.2.2.tgz#151cdcecc24e25739ff0aa6e51e1c5716974c0e0"
    integrity sha512-A/78XjoX2EmNvppVWEhM2oGk3x4lLxnkEA4jTbaK97QKSDjkIoOsKQlfylt/d3kKKi596Qy3NP5XrXJ6fZIC9Q==
  
  typescript@^4.1.3:
    version "4.1.3"
    resolved "https://registry.yarnpkg.com/typescript/-/typescript-4.1.3.tgz#519d582bd94cba0cf8934c7d8e8467e473f53bb7"
    integrity sha512-B3ZIOf1IKeH2ixgHhj6la6xdwR9QrLC5d1VKeCSY4tvkqhF2eqd9O7txNlS0PO3GrBAFIdr3L1ndNwteUbZLYg==
